<?xml version="1.0" encoding="UTF-8"?>
<!-- Generated by org.testng.reporters.JUnitXMLReporter -->
<testsuite ignored="0" hostname="DESKTOP-NIVK6IH" failures="0" tests="7" name="Test1234" time="0.37" errors="0" timestamp="2022-05-27T10:50:15 IST">
  <testcase classname="testPacke.importance" name="testA" time="0.006"/>
  <testcase classname="testPacke.importance" name="testB" time="0.001"/>
  <testcase classname="testPacke.importance" name="testC" time="0.016"/>
  <testcase classname="testPacke.importance" name="testD" time="0.016"/>
  <testcase classname="testPacke.importance1" name="testF" time="0.001"/>
  <testcase classname="testPacke.importance1" name="testE" time="0.018"/>
  <testcase classname="testPacke.importance1" name="testG" time="0.019"/>
</testsuite> <!-- Test1234 -->
